<?xml version="1.0" encoding="UTF-8"?>
<testng-results skipped="0" failed="0" ignored="0" total="1" passed="1">
  <reporter-output>
  </reporter-output>
  <suite name="Default suite" duration-ms="8003" started-at="2018-10-14T08:39:43Z" finished-at="2018-10-14T08:39:51Z">
    <groups>
    </groups>
    <test name="Default test" duration-ms="8003" started-at="2018-10-14T08:39:43Z" finished-at="2018-10-14T08:39:51Z">
      <class name="com.headless.browser.HeadLess">
        <test-method status="PASS" signature="setup()[pri:0, instance:com.headless.browser.HeadLess@7d70d1b1]" name="setup" duration-ms="7957" started-at="2018-10-14T08:39:43Z" finished-at="2018-10-14T08:39:51Z">
          <reporter-output>
          </reporter-output>
        </test-method> <!-- setup -->
      </class> <!-- com.headless.browser.HeadLess -->
    </test> <!-- Default test -->
  </suite> <!-- Default suite -->
</testng-results>
